# JRE version: OpenJDK Runtime Environment (11.0.11+9) (build 11.0.11+9-b60-7590822)
# Java VM: OpenJDK 64-Bit Server VM (11.0.11+9-b60-7590822, mixed mode, tiered, compressed oops, g1 gc, windows-amd64)
Heap:
 garbage-first heap   total 163840K, used 134873K [0x0000000080000000, 0x0000000100000000)
  region size 1024K, 16 young (16384K), 3 survivors (3072K)
 Metaspace       used 96464K, capacity 98821K, committed 99108K, reserved 1134592K
  class space    used 12538K, capacity 13404K, committed 13440K, reserved 1048576K
GC Heap History (20 events):
Event: 28.205 GC heap before
{Heap before GC invocations=21 (full 0):
 garbage-first heap   total 163840K, used 131096K [0x0000000080000000, 0x0000000100000000)
  region size 1024K, 64 young (65536K), 8 survivors (8192K)
 Metaspace       used 85716K, capacity 87896K, committed 88100K, reserved 1126400K
  class space    used 11274K, capacity 12066K, committed 12160K, reserved 1048576K
}
Event: 28.219 GC heap after
{Heap after GC invocations=22 (full 0):
 garbage-first heap   total 163840K, used 78848K [0x0000000080000000, 0x0000000100000000)
  region size 1024K, 8 young (8192K), 8 survivors (8192K)
 Metaspace       used 85716K, capacity 87896K, committed 88100K, reserved 1126400K
  class space    used 11274K, capacity 12066K, committed 12160K, reserved 1048576K
}
Event: 29.186 GC heap before
{Heap before GC invocations=22 (full 0):
 garbage-first heap   total 163840K, used 133120K [0x0000000080000000, 0x0000000100000000)
  region size 1024K, 62 young (63488K), 8 survivors (8192K)
 Metaspace       used 86491K, capacity 88670K, committed 88868K, reserved 1126400K
  class space    used 11321K, capacity 12155K, committed 12160K, reserved 1048576K
}
Event: 29.199 GC heap after
{Heap after GC invocations=23 (full 0):
 garbage-first heap   total 163840K, used 82944K [0x0000000080000000, 0x0000000100000000)
  region size 1024K, 4 young (4096K), 4 survivors (4096K)
 Metaspace       used 86491K, capacity 88670K, committed 88868K, reserved 1126400K
  class space    used 11321K, capacity 12155K, committed 12160K, reserved 1048576K
}
Event: 30.134 GC heap before
{Heap before GC invocations=23 (full 0):
 garbage-first heap   total 163840K, used 135168K [0x0000000080000000, 0x0000000100000000)
  region size 1024K, 56 young (57344K), 4 survivors (4096K)
 Metaspace       used 88852K, capacity 91129K, committed 91300K, reserved 1128448K
  class space    used 11575K, capacity 12429K, committed 12544K, reserved 1048576K
}
Event: 30.145 GC heap after
{Heap after GC invocations=24 (full 0):
 garbage-first heap   total 163840K, used 85583K [0x0000000080000000, 0x0000000100000000)
  region size 1024K, 3 young (3072K), 3 survivors (3072K)
 Metaspace       used 88852K, capacity 91129K, committed 91300K, reserved 1128448K
  class space    used 11575K, capacity 12429K, committed 12544K, reserved 1048576K
}
Event: 31.044 GC heap before
{Heap before GC invocations=25 (full 0):
 garbage-first heap   total 163840K, used 135759K [0x0000000080000000, 0x0000000100000000)
  region size 1024K, 53 young (54272K), 3 survivors (3072K)
 Metaspace       used 91423K, capacity 93550K, committed 93860K, reserved 1130496K
  class space    used 11859K, capacity 12678K, committed 12800K, reserved 1048576K
}
Event: 31.055 GC heap after
{Heap after GC invocations=26 (full 0):
 garbage-first heap   total 163840K, used 88468K [0x0000000080000000, 0x0000000100000000)
  region size 1024K, 6 young (6144K), 6 survivors (6144K)
 Metaspace       used 91423K, capacity 93550K, committed 93860K, reserved 1130496K
  class space    used 11859K, capacity 12678K, committed 12800K, reserved 1048576K
}
Event: 31.891 GC heap before
{Heap before GC invocations=26 (full 0):
 garbage-first heap   total 163840K, used 127380K [0x0000000080000000, 0x0000000100000000)
  region size 1024K, 46 young (47104K), 6 survivors (6144K)
 Metaspace       used 91764K, capacity 93967K, committed 94116K, reserved 1130496K
  class space    used 11896K, capacity 12726K, committed 12800K, reserved 1048576K
}
Event: 31.968 GC heap after
{Heap after GC invocations=27 (full 0):
 garbage-first heap   total 163840K, used 90169K [0x0000000080000000, 0x0000000100000000)
  region size 1024K, 5 young (5120K), 5 survivors (5120K)
 Metaspace       used 91764K, capacity 93967K, committed 94116K, reserved 1130496K
  class space    used 11896K, capacity 12726K, committed 12800K, reserved 1048576K
}
Event: 36.256 GC heap before
{Heap before GC invocations=28 (full 0):
 garbage-first heap   total 163840K, used 142393K [0x0000000080000000, 0x0000000100000000)
  region size 1024K, 51 young (52224K), 5 survivors (5120K)
 Metaspace       used 92453K, capacity 94681K, committed 95012K, reserved 1132544K
  class space    used 12000K, capacity 12834K, committed 12928K, reserved 1048576K
}
Event: 36.340 GC heap after
{Heap after GC invocations=29 (full 0):
 garbage-first heap   total 163840K, used 102291K [0x0000000080000000, 0x0000000100000000)
  region size 1024K, 7 young (7168K), 7 survivors (7168K)
 Metaspace       used 92453K, capacity 94681K, committed 95012K, reserved 1132544K
  class space    used 12000K, capacity 12834K, committed 12928K, reserved 1048576K
}
Event: 38.608 GC heap before
{Heap before GC invocations=29 (full 0):
 garbage-first heap   total 163840K, used 134035K [0x0000000080000000, 0x0000000100000000)
  region size 1024K, 39 young (39936K), 7 survivors (7168K)
 Metaspace       used 94243K, capacity 96545K, committed 96804K, reserved 1132544K
  class space    used 12240K, capacity 13075K, committed 13184K, reserved 1048576K
}
Event: 38.651 GC heap after
{Heap after GC invocations=30 (full 0):
 garbage-first heap   total 163840K, used 107520K [0x0000000080000000, 0x0000000100000000)
  region size 1024K, 5 young (5120K), 5 survivors (5120K)
 Metaspace       used 94243K, capacity 96545K, committed 96804K, reserved 1132544K
  class space    used 12240K, capacity 13075K, committed 13184K, reserved 1048576K
}
Event: 39.727 GC heap before
{Heap before GC invocations=31 (full 0):
 garbage-first heap   total 163840K, used 135168K [0x0000000080000000, 0x0000000100000000)
  region size 1024K, 32 young (32768K), 5 survivors (5120K)
 Metaspace       used 95377K, capacity 97646K, committed 97956K, reserved 1134592K
  class space    used 12376K, capacity 13227K, committed 13312K, reserved 1048576K
}
Event: 39.735 GC heap after
{Heap after GC invocations=32 (full 0):
 garbage-first heap   total 163840K, used 110504K [0x0000000080000000, 0x0000000100000000)
  region size 1024K, 4 young (4096K), 4 survivors (4096K)
 Metaspace       used 95377K, capacity 97646K, committed 97956K, reserved 1134592K
  class space    used 12376K, capacity 13227K, committed 13312K, reserved 1048576K
}
Event: 39.897 GC heap before
{Heap before GC invocations=32 (full 0):
 garbage-first heap   total 163840K, used 135080K [0x0000000080000000, 0x0000000100000000)
  region size 1024K, 28 young (28672K), 4 survivors (4096K)
 Metaspace       used 95925K, capacity 98224K, committed 98596K, reserved 1134592K
  class space    used 12463K, capacity 13313K, committed 13440K, reserved 1048576K
}
Event: 39.909 GC heap after
{Heap after GC invocations=33 (full 0):
 garbage-first heap   total 163840K, used 115915K [0x0000000080000000, 0x0000000100000000)
  region size 1024K, 4 young (4096K), 4 survivors (4096K)
 Metaspace       used 95925K, capacity 98224K, committed 98596K, reserved 1134592K
  class space    used 12463K, capacity 13313K, committed 13440K, reserved 1048576K
}
Event: 40.054 GC heap before
{Heap before GC invocations=33 (full 0):
 garbage-first heap   total 163840K, used 136395K [0x0000000080000000, 0x0000000100000000)
  region size 1024K, 24 young (24576K), 4 survivors (4096K)
 Metaspace       used 95971K, capacity 98300K, committed 98596K, reserved 1134592K
  class space    used 12467K, capacity 13316K, committed 13440K, reserved 1048576K
}
Event: 40.067 GC heap after
{Heap after GC invocations=34 (full 0):
 garbage-first heap   total 163840K, used 122585K [0x0000000080000000, 0x0000000100000000)
  region size 1024K, 3 young (3072K), 3 survivors (3072K)
 Metaspace       used 95971K, capacity 98300K, committed 98596K, reserved 1134592K
  class space    used 12467K, capacity 13316K, committed 13440K, reserved 1048576K
}

