# JRE version: OpenJDK Runtime Environment (11.0.11+9) (build 11.0.11+9-b60-7590822)
# Java VM: OpenJDK 64-Bit Server VM (11.0.11+9-b60-7590822, mixed mode, tiered, compressed oops, g1 gc, windows-amd64)
Heap:
 garbage-first heap   total 558080K, used 188026K [0x0000000080000000, 0x0000000100000000)
  region size 1024K, 1 young (1024K), 1 survivors (1024K)
 Metaspace       used 145901K, capacity 149672K, committed 149836K, reserved 1179648K
  class space    used 18075K, capacity 19484K, committed 19532K, reserved 1048576K
GC Heap History (20 events):
Event: 3919.672 GC heap after
{Heap after GC invocations=89 (full 0):
 garbage-first heap   total 387072K, used 190839K [0x0000000080000000, 0x0000000100000000)
  region size 1024K, 9 young (9216K), 9 survivors (9216K)
 Metaspace       used 145562K, capacity 149292K, committed 149580K, reserved 1179648K
  class space    used 18064K, capacity 19475K, committed 19532K, reserved 1048576K
}
Event: 3919.691 GC heap before
{Heap before GC invocations=89 (full 0):
 garbage-first heap   total 387072K, used 200055K [0x0000000080000000, 0x0000000100000000)
  region size 1024K, 18 young (18432K), 9 survivors (9216K)
 Metaspace       used 145565K, capacity 149293K, committed 149580K, reserved 1179648K
  class space    used 18064K, capacity 19475K, committed 19532K, reserved 1048576K
}
Event: 3919.701 GC heap after
{Heap after GC invocations=90 (full 0):
 garbage-first heap   total 387072K, used 172092K [0x0000000080000000, 0x0000000100000000)
  region size 1024K, 2 young (2048K), 2 survivors (2048K)
 Metaspace       used 145565K, capacity 149293K, committed 149580K, reserved 1179648K
  class space    used 18064K, capacity 19475K, committed 19532K, reserved 1048576K
}
Event: 3920.109 GC heap before
{Heap before GC invocations=90 (full 0):
 garbage-first heap   total 387072K, used 289852K [0x0000000080000000, 0x0000000100000000)
  region size 1024K, 119 young (121856K), 2 survivors (2048K)
 Metaspace       used 145664K, capacity 149375K, committed 149580K, reserved 1179648K
  class space    used 18072K, capacity 19478K, committed 19532K, reserved 1048576K
}
Event: 3920.116 GC heap after
{Heap after GC invocations=91 (full 0):
 garbage-first heap   total 387072K, used 172480K [0x0000000080000000, 0x0000000100000000)
  region size 1024K, 4 young (4096K), 4 survivors (4096K)
 Metaspace       used 145664K, capacity 149375K, committed 149580K, reserved 1179648K
  class space    used 18072K, capacity 19478K, committed 19532K, reserved 1048576K
}
Event: 3920.644 GC heap before
{Heap before GC invocations=92 (full 0):
 garbage-first heap   total 387072K, used 318912K [0x0000000080000000, 0x0000000100000000)
  region size 1024K, 146 young (149504K), 4 survivors (4096K)
 Metaspace       used 145708K, capacity 149451K, committed 149580K, reserved 1179648K
  class space    used 18073K, capacity 19479K, committed 19532K, reserved 1048576K
}
Event: 3920.669 GC heap after
{Heap after GC invocations=93 (full 0):
 garbage-first heap   total 387072K, used 187238K [0x0000000080000000, 0x0000000100000000)
  region size 1024K, 18 young (18432K), 18 survivors (18432K)
 Metaspace       used 145708K, capacity 149451K, committed 149580K, reserved 1179648K
  class space    used 18073K, capacity 19479K, committed 19532K, reserved 1048576K
}
Event: 3920.671 GC heap before
{Heap before GC invocations=93 (full 0):
 garbage-first heap   total 387072K, used 188262K [0x0000000080000000, 0x0000000100000000)
  region size 1024K, 19 young (19456K), 18 survivors (18432K)
 Metaspace       used 145708K, capacity 149451K, committed 149580K, reserved 1179648K
  class space    used 18073K, capacity 19479K, committed 19532K, reserved 1048576K
}
Event: 3920.686 GC heap after
{Heap after GC invocations=94 (full 0):
 garbage-first heap   total 387072K, used 182191K [0x0000000080000000, 0x0000000100000000)
  region size 1024K, 2 young (2048K), 2 survivors (2048K)
 Metaspace       used 145708K, capacity 149451K, committed 149580K, reserved 1179648K
  class space    used 18073K, capacity 19479K, committed 19532K, reserved 1048576K
}
Event: 3921.026 GC heap before
{Heap before GC invocations=94 (full 0):
 garbage-first heap   total 387072K, used 318383K [0x0000000080000000, 0x0000000100000000)
  region size 1024K, 135 young (138240K), 2 survivors (2048K)
 Metaspace       used 145764K, capacity 149525K, committed 149580K, reserved 1179648K
  class space    used 18073K, capacity 19480K, committed 19532K, reserved 1048576K
}
Event: 3921.074 GC heap after
{Heap after GC invocations=95 (full 0):
 garbage-first heap   total 387072K, used 195389K [0x0000000080000000, 0x0000000100000000)
  region size 1024K, 15 young (15360K), 15 survivors (15360K)
 Metaspace       used 145764K, capacity 149525K, committed 149580K, reserved 1179648K
  class space    used 18073K, capacity 19480K, committed 19532K, reserved 1048576K
}
Event: 3921.601 GC heap before
{Heap before GC invocations=96 (full 0):
 garbage-first heap   total 387072K, used 317245K [0x0000000080000000, 0x0000000100000000)
  region size 1024K, 135 young (138240K), 15 survivors (15360K)
 Metaspace       used 145778K, capacity 149526K, committed 149580K, reserved 1179648K
  class space    used 18073K, capacity 19480K, committed 19532K, reserved 1048576K
}
Event: 3921.622 GC heap after
{Heap after GC invocations=97 (full 0):
 garbage-first heap   total 387072K, used 200753K [0x0000000080000000, 0x0000000100000000)
  region size 1024K, 9 young (9216K), 9 survivors (9216K)
 Metaspace       used 145778K, capacity 149526K, committed 149580K, reserved 1179648K
  class space    used 18073K, capacity 19480K, committed 19532K, reserved 1048576K
}
Event: 3921.646 GC heap before
{Heap before GC invocations=97 (full 0):
 garbage-first heap   total 387072K, used 209969K [0x0000000080000000, 0x0000000100000000)
  region size 1024K, 18 young (18432K), 9 survivors (9216K)
 Metaspace       used 145778K, capacity 149526K, committed 149580K, reserved 1179648K
  class space    used 18073K, capacity 19480K, committed 19532K, reserved 1048576K
}
Event: 3921.662 GC heap after
{Heap after GC invocations=98 (full 0):
 garbage-first heap   total 387072K, used 192933K [0x0000000080000000, 0x0000000100000000)
  region size 1024K, 2 young (2048K), 2 survivors (2048K)
 Metaspace       used 145778K, capacity 149526K, committed 149580K, reserved 1179648K
  class space    used 18073K, capacity 19480K, committed 19532K, reserved 1048576K
}
Event: 3921.978 GC heap before
{Heap before GC invocations=98 (full 0):
 garbage-first heap   total 387072K, used 316837K [0x0000000080000000, 0x0000000100000000)
  region size 1024K, 123 young (125952K), 2 survivors (2048K)
 Metaspace       used 145802K, capacity 149530K, committed 149836K, reserved 1179648K
  class space    used 18074K, capacity 19481K, committed 19532K, reserved 1048576K
}
Event: 3921.986 GC heap after
{Heap after GC invocations=99 (full 0):
 garbage-first heap   total 387072K, used 193888K [0x0000000080000000, 0x0000000100000000)
  region size 1024K, 3 young (3072K), 3 survivors (3072K)
 Metaspace       used 145802K, capacity 149530K, committed 149836K, reserved 1179648K
  class space    used 18074K, capacity 19481K, committed 19532K, reserved 1048576K
}
Event: 3922.605 GC heap before
{Heap before GC invocations=100 (full 0):
 garbage-first heap   total 387072K, used 320864K [0x0000000080000000, 0x0000000100000000)
  region size 1024K, 127 young (130048K), 3 survivors (3072K)
 Metaspace       used 145831K, capacity 149540K, committed 149836K, reserved 1179648K
  class space    used 18075K, capacity 19484K, committed 19532K, reserved 1048576K
}
Event: 3922.616 GC heap after
{Heap after GC invocations=101 (full 0):
 garbage-first heap   total 387072K, used 195690K [0x0000000080000000, 0x0000000100000000)
  region size 1024K, 5 young (5120K), 5 survivors (5120K)
 Metaspace       used 145831K, capacity 149540K, committed 149836K, reserved 1179648K
  class space    used 18075K, capacity 19484K, committed 19532K, reserved 1048576K
}
Event: 3922.664 GC heap before
{Heap before GC invocations=101 (full 0):
 garbage-first heap   total 387072K, used 209002K [0x0000000080000000, 0x0000000100000000)
  region size 1024K, 18 young (18432K), 5 survivors (5120K)
 Metaspace       used 145901K, capacity 149672K, committed 149836K, reserved 1179648K
  class space    used 18075K, capacity 19484K, committed 19532K, reserved 1048576K
}

